#-----------------------------------------------------------
# Webtalk v2018.3 (64-bit)
# SW Build 2405991 on Thu Dec  6 23:38:27 MST 2018
# 
# Start of session at: Tue Jan  8 16:15:19 2019
# Process ID: 26840
# Current directory: D:/Github/Zynq7000/ZynqLabs/ZynqLabs.sdk/webtalk
# Command line: wbtcv.exe -mode batch -source sdk_webtalk.tcl
# Log file: D:/Github/Zynq7000/ZynqLabs/ZynqLabs.sdk/webtalk/webtalk.log
# Journal file: D:/Github/Zynq7000/ZynqLabs/ZynqLabs.sdk/webtalk\webtalk.jou
#-----------------------------------------------------------
source sdk_webtalk.tcl
# webtalk_init -webtalk_dir D:\\Github\\Zynq7000\\ZynqLabs\\ZynqLabs.sdk\\webtalk
# webtalk_register_client -client project
# webtalk_add_data -client project -key date_generated -value "2019-01-08 16:15:17" -context "software_version_and_target_device"
# webtalk_add_data -client project -key product_version -value "SDK v2018.3" -context "software_version_and_target_device"
# webtalk_add_data -client project -key build_version -value "2018.3" -context "software_version_and_target_device"
# webtalk_add_data -client project -key os_platform -value "amd64" -context "software_version_and_target_device"
# webtalk_add_data -client project -key registration_id -value "211651266_0_0_641" -context "software_version_and_target_device"
# webtalk_add_data -client project -key tool_flow -value "SDK" -context "software_version_and_target_device"
# webtalk_add_data -client project -key beta -value "false" -context "software_version_and_target_device"
# webtalk_add_data -client project -key route_design -value "NA" -context "software_version_and_target_device"
# webtalk_add_data -client project -key target_family -value "NA" -context "software_version_and_target_device"
# webtalk_add_data -client project -key target_device -value "NA" -context "software_version_and_target_device"
# webtalk_add_data -client project -key target_package -value "NA" -context "software_version_and_target_device"
# webtalk_add_data -client project -key target_speed -value "NA" -context "software_version_and_target_device"
# webtalk_add_data -client project -key random_id -value "tjm3mcnj4tegcd5oroh4rthivt" -context "software_version_and_target_device"
# webtalk_add_data -client project -key project_id -value "2018.3_4" -context "software_version_and_target_device"
# webtalk_add_data -client project -key project_iteration -value "4" -context "software_version_and_target_device"
# webtalk_add_data -client project -key os_name -value "Microsoft Windows 8 or later , 64-bit" -context "user_environment"
# webtalk_add_data -client project -key os_release -value "major release  (build 9200)" -context "user_environment"
# webtalk_add_data -client project -key cpu_name -value "Intel(R) Core(TM) i7-7820HQ CPU @ 2.90GHz" -context "user_environment"
# webtalk_add_data -client project -key cpu_speed -value "2904 MHz" -context "user_environment"
# webtalk_add_data -client project -key total_processors -value "1" -context "user_environment"
# webtalk_add_data -client project -key system_ram -value "17.053 GB" -context "user_environment"
# webtalk_register_client -client sdk
# webtalk_add_data -client sdk -key uid -value "1546972552042" -context "sdk\\\\bsp/1546972552042"
# webtalk_add_data -client sdk -key hwid -value "1546888546968" -context "sdk\\\\bsp/1546972552042"
# webtalk_add_data -client sdk -key os -value "standalone" -context "sdk\\\\bsp/1546972552042"
# webtalk_add_data -client sdk -key apptemplate -value "hello_world" -context "sdk\\\\bsp/1546972552042"
# webtalk_add_data -client sdk -key RecordType -value "BSPCreation" -context "sdk\\\\bsp/1546972552042"
# webtalk_add_data -client sdk -key uid -value "1546972553971" -context "sdk\\\\application/1546972553971"
# webtalk_add_data -client sdk -key hwid -value "1546888546968" -context "sdk\\\\application/1546972553971"
# webtalk_add_data -client sdk -key bspid -value "1546972552042" -context "sdk\\\\application/1546972553971"
# webtalk_add_data -client sdk -key newbsp -value "true" -context "sdk\\\\application/1546972553971"
# webtalk_add_data -client sdk -key os -value "standalone" -context "sdk\\\\application/1546972553971"
# webtalk_add_data -client sdk -key apptemplate -value "hello_world" -context "sdk\\\\application/1546972553971"
# webtalk_add_data -client sdk -key RecordType -value "APPCreation" -context "sdk\\\\application/1546972553971"
# webtalk_add_data -client sdk -key LangUsed -value "C" -context "sdk\\\\application/1546972553971"
# webtalk_add_data -client sdk -key Procused -value "ps7_cortexa9" -context "sdk\\\\application/1546972553971"
# webtalk_add_data -client sdk -key projSize -value "332.546875" -context "sdk\\\\application/1546972553971"
# webtalk_add_data -client sdk -key uid -value "1546978780339" -context "sdk\\\\bsp/1546978780339"
# webtalk_add_data -client sdk -key hwid -value "1546888546968" -context "sdk\\\\bsp/1546978780339"
# webtalk_add_data -client sdk -key os -value "standalone" -context "sdk\\\\bsp/1546978780339"
# webtalk_add_data -client sdk -key apptemplate -value "hello_world" -context "sdk\\\\bsp/1546978780339"
# webtalk_add_data -client sdk -key RecordType -value "BSPCreation" -context "sdk\\\\bsp/1546978780339"
# webtalk_add_data -client sdk -key uid -value "1546978782224" -context "sdk\\\\application/1546978782224"
# webtalk_add_data -client sdk -key hwid -value "1546888546968" -context "sdk\\\\application/1546978782224"
# webtalk_add_data -client sdk -key bspid -value "1546978780339" -context "sdk\\\\application/1546978782224"
# webtalk_add_data -client sdk -key newbsp -value "true" -context "sdk\\\\application/1546978782224"
# webtalk_add_data -client sdk -key os -value "standalone" -context "sdk\\\\application/1546978782224"
# webtalk_add_data -client sdk -key apptemplate -value "hello_world" -context "sdk\\\\application/1546978782224"
# webtalk_add_data -client sdk -key RecordType -value "APPCreation" -context "sdk\\\\application/1546978782224"
# webtalk_add_data -client sdk -key LangUsed -value "C" -context "sdk\\\\application/1546978782224"
# webtalk_add_data -client sdk -key Procused -value "ps7_cortexa9" -context "sdk\\\\application/1546978782224"
# webtalk_add_data -client sdk -key projSize -value "280.66796875" -context "sdk\\\\application/1546978782224"
# webtalk_add_data -client sdk -key uid -value "NA" -context "sdk\\\\bsp/1546982117413"
# webtalk_add_data -client sdk -key RecordType -value "ToolUsage" -context "sdk\\\\bsp/1546982117413"
# webtalk_add_data -client sdk -key BootgenCount -value "0" -context "sdk\\\\bsp/1546982117413"
# webtalk_add_data -client sdk -key DebugCount -value "14" -context "sdk\\\\bsp/1546982117413"
# webtalk_add_data -client sdk -key PerfCount -value "0" -context "sdk\\\\bsp/1546982117413"
# webtalk_add_data -client sdk -key FlashCount -value "0" -context "sdk\\\\bsp/1546982117413"
# webtalk_add_data -client sdk -key CrossTriggCount -value "0" -context "sdk\\\\bsp/1546982117413"
# webtalk_add_data -client sdk -key QemuDebugCount -value "0" -context "sdk\\\\bsp/1546982117413"
# webtalk_transmit -clientid 483344626 -regid "211651266_0_0_641" -xml D:\\Github\\Zynq7000\\ZynqLabs\\ZynqLabs.sdk\\webtalk\\usage_statistics_ext_sdk.xml -html D:\\Github\\Zynq7000\\ZynqLabs\\ZynqLabs.sdk\\webtalk\\usage_statistics_ext_sdk.html -wdm D:\\Github\\Zynq7000\\ZynqLabs\\ZynqLabs.sdk\\webtalk\\sdk_webtalk.wdm -intro "<H3>SDK Usage Report</H3><BR>"
# webtalk_terminate
INFO: [Common 17-206] Exiting Webtalk at Tue Jan  8 16:15:21 2019...
