#-----------------------------------------------------------
# Webtalk v2018.3 (64-bit)
# SW Build 2405991 on Thu Dec  6 23:38:27 MST 2018
# 
# Start of session at: Mon Jan  7 19:59:29 2019
# Process ID: 32532
# Current directory: D:/Github/Zynq7000/ZynqLabs/ZynqLabs.sdk/webtalk
# Command line: wbtcv.exe -mode batch -source sdk_webtalk.tcl
# Log file: D:/Github/Zynq7000/ZynqLabs/ZynqLabs.sdk/webtalk/webtalk.log
# Journal file: D:/Github/Zynq7000/ZynqLabs/ZynqLabs.sdk/webtalk\webtalk.jou
#-----------------------------------------------------------
source sdk_webtalk.tcl
# webtalk_init -webtalk_dir D:\\Github\\Zynq7000\\ZynqLabs\\ZynqLabs.sdk\\webtalk
# webtalk_register_client -client project
# webtalk_add_data -client project -key date_generated -value "2019-01-07 19:59:28" -context "software_version_and_target_device"
# webtalk_add_data -client project -key product_version -value "SDK v2018.3" -context "software_version_and_target_device"
# webtalk_add_data -client project -key build_version -value "2018.3" -context "software_version_and_target_device"
# webtalk_add_data -client project -key os_platform -value "amd64" -context "software_version_and_target_device"
# webtalk_add_data -client project -key registration_id -value "211651266_0_0_641" -context "software_version_and_target_device"
# webtalk_add_data -client project -key tool_flow -value "SDK" -context "software_version_and_target_device"
# webtalk_add_data -client project -key beta -value "false" -context "software_version_and_target_device"
# webtalk_add_data -client project -key route_design -value "NA" -context "software_version_and_target_device"
# webtalk_add_data -client project -key target_family -value "NA" -context "software_version_and_target_device"
# webtalk_add_data -client project -key target_device -value "NA" -context "software_version_and_target_device"
# webtalk_add_data -client project -key target_package -value "NA" -context "software_version_and_target_device"
# webtalk_add_data -client project -key target_speed -value "NA" -context "software_version_and_target_device"
# webtalk_add_data -client project -key random_id -value "q2nfv4kqsakt9v2mt6han17dl5" -context "software_version_and_target_device"
# webtalk_add_data -client project -key project_id -value "2018.3_3" -context "software_version_and_target_device"
# webtalk_add_data -client project -key project_iteration -value "3" -context "software_version_and_target_device"
# webtalk_add_data -client project -key os_name -value "Microsoft Windows 8 or later , 64-bit" -context "user_environment"
# webtalk_add_data -client project -key os_release -value "major release  (build 9200)" -context "user_environment"
# webtalk_add_data -client project -key cpu_name -value "Intel(R) Core(TM) i7-7820HQ CPU @ 2.90GHz" -context "user_environment"
# webtalk_add_data -client project -key cpu_speed -value "2904 MHz" -context "user_environment"
# webtalk_add_data -client project -key total_processors -value "1" -context "user_environment"
# webtalk_add_data -client project -key system_ram -value "17.053 GB" -context "user_environment"
# webtalk_register_client -client sdk
# webtalk_add_data -client sdk -key uid -value "1546888546968" -context "sdk\\\\hardware/1546888546968"
# webtalk_add_data -client sdk -key isZynq -value "true" -context "sdk\\\\hardware/1546888546968"
# webtalk_add_data -client sdk -key isZynqMP -value "false" -context "sdk\\\\hardware/1546888546968"
# webtalk_add_data -client sdk -key Processors -value "2" -context "sdk\\\\hardware/1546888546968"
# webtalk_add_data -client sdk -key VivadoVersion -value "2018.3" -context "sdk\\\\hardware/1546888546968"
# webtalk_add_data -client sdk -key Arch -value "zynq" -context "sdk\\\\hardware/1546888546968"
# webtalk_add_data -client sdk -key Device -value "7z010" -context "sdk\\\\hardware/1546888546968"
# webtalk_add_data -client sdk -key IsHandoff -value "true" -context "sdk\\\\hardware/1546888546968"
# webtalk_add_data -client sdk -key os -value "NA" -context "sdk\\\\hardware/1546888546968"
# webtalk_add_data -client sdk -key apptemplate -value "NA" -context "sdk\\\\hardware/1546888546968"
# webtalk_add_data -client sdk -key RecordType -value "HWCreation" -context "sdk\\\\hardware/1546888546968"
# webtalk_add_data -client sdk -key uid -value "1546888616656" -context "sdk\\\\bsp/1546888616656"
# webtalk_add_data -client sdk -key hwid -value "1546888546968" -context "sdk\\\\bsp/1546888616656"
# webtalk_add_data -client sdk -key os -value "standalone" -context "sdk\\\\bsp/1546888616656"
# webtalk_add_data -client sdk -key apptemplate -value "null" -context "sdk\\\\bsp/1546888616656"
# webtalk_add_data -client sdk -key RecordType -value "BSPCreation" -context "sdk\\\\bsp/1546888616656"
# webtalk_add_data -client sdk -key uid -value "1546888919699" -context "sdk\\\\bsp/1546888919699"
# webtalk_add_data -client sdk -key hwid -value "1546888546968" -context "sdk\\\\bsp/1546888919699"
# webtalk_add_data -client sdk -key os -value "standalone" -context "sdk\\\\bsp/1546888919699"
# webtalk_add_data -client sdk -key apptemplate -value "hello_world" -context "sdk\\\\bsp/1546888919699"
# webtalk_add_data -client sdk -key RecordType -value "BSPCreation" -context "sdk\\\\bsp/1546888919699"
# webtalk_add_data -client sdk -key uid -value "1546888921819" -context "sdk\\\\application/1546888921819"
# webtalk_add_data -client sdk -key hwid -value "1546888546968" -context "sdk\\\\application/1546888921819"
# webtalk_add_data -client sdk -key bspid -value "1546888919699" -context "sdk\\\\application/1546888921819"
# webtalk_add_data -client sdk -key newbsp -value "true" -context "sdk\\\\application/1546888921819"
# webtalk_add_data -client sdk -key os -value "standalone" -context "sdk\\\\application/1546888921819"
# webtalk_add_data -client sdk -key apptemplate -value "hello_world" -context "sdk\\\\application/1546888921819"
# webtalk_add_data -client sdk -key RecordType -value "APPCreation" -context "sdk\\\\application/1546888921819"
# webtalk_add_data -client sdk -key LangUsed -value "C" -context "sdk\\\\application/1546888921819"
# webtalk_add_data -client sdk -key Procused -value "ps7_cortexa9" -context "sdk\\\\application/1546888921819"
# webtalk_add_data -client sdk -key projSize -value "187.48828125" -context "sdk\\\\application/1546888921819"
# webtalk_add_data -client sdk -key uid -value "1546890048486" -context "sdk\\\\bsp/1546890048486"
# webtalk_add_data -client sdk -key hwid -value "1546888546968" -context "sdk\\\\bsp/1546890048486"
# webtalk_add_data -client sdk -key os -value "standalone" -context "sdk\\\\bsp/1546890048486"
# webtalk_add_data -client sdk -key apptemplate -value "hello_world" -context "sdk\\\\bsp/1546890048486"
# webtalk_add_data -client sdk -key RecordType -value "BSPCreation" -context "sdk\\\\bsp/1546890048486"
# webtalk_add_data -client sdk -key uid -value "1546890050528" -context "sdk\\\\application/1546890050528"
# webtalk_add_data -client sdk -key hwid -value "1546888546968" -context "sdk\\\\application/1546890050528"
# webtalk_add_data -client sdk -key bspid -value "1546890048486" -context "sdk\\\\application/1546890050528"
# webtalk_add_data -client sdk -key newbsp -value "true" -context "sdk\\\\application/1546890050528"
# webtalk_add_data -client sdk -key os -value "standalone" -context "sdk\\\\application/1546890050528"
# webtalk_add_data -client sdk -key apptemplate -value "hello_world" -context "sdk\\\\application/1546890050528"
# webtalk_add_data -client sdk -key RecordType -value "APPCreation" -context "sdk\\\\application/1546890050528"
# webtalk_add_data -client sdk -key LangUsed -value "C" -context "sdk\\\\application/1546890050528"
# webtalk_add_data -client sdk -key Procused -value "ps7_cortexa9" -context "sdk\\\\application/1546890050528"
# webtalk_add_data -client sdk -key projSize -value "331.16015625" -context "sdk\\\\application/1546890050528"
# webtalk_add_data -client sdk -key uid -value "NA" -context "sdk\\\\bsp/1546909167983"
# webtalk_add_data -client sdk -key RecordType -value "ToolUsage" -context "sdk\\\\bsp/1546909167983"
# webtalk_add_data -client sdk -key BootgenCount -value "0" -context "sdk\\\\bsp/1546909167983"
# webtalk_add_data -client sdk -key DebugCount -value "18" -context "sdk\\\\bsp/1546909167983"
# webtalk_add_data -client sdk -key PerfCount -value "0" -context "sdk\\\\bsp/1546909167983"
# webtalk_add_data -client sdk -key FlashCount -value "0" -context "sdk\\\\bsp/1546909167983"
# webtalk_add_data -client sdk -key CrossTriggCount -value "0" -context "sdk\\\\bsp/1546909167983"
# webtalk_add_data -client sdk -key QemuDebugCount -value "0" -context "sdk\\\\bsp/1546909167983"
# webtalk_transmit -clientid 1336404231 -regid "211651266_0_0_641" -xml D:\\Github\\Zynq7000\\ZynqLabs\\ZynqLabs.sdk\\webtalk\\usage_statistics_ext_sdk.xml -html D:\\Github\\Zynq7000\\ZynqLabs\\ZynqLabs.sdk\\webtalk\\usage_statistics_ext_sdk.html -wdm D:\\Github\\Zynq7000\\ZynqLabs\\ZynqLabs.sdk\\webtalk\\sdk_webtalk.wdm -intro "<H3>SDK Usage Report</H3><BR>"
# webtalk_terminate
INFO: [Common 17-206] Exiting Webtalk at Mon Jan  7 19:59:34 2019...
