                            latency            interval
transaction        0            2            2
transaction        1            3            3
transaction        2            3            3
transaction        3            3            3
transaction        4            3            3
transaction        5            3            3
transaction        6            3            3
transaction        7            3            3
transaction        8            3            3
transaction        9            3            3
transaction        10            3            3
transaction        11            3            3
transaction        12            3            3
transaction        13            3            3
transaction        14            3            3
transaction        15            3            3
transaction        16            3            3
transaction        17            3            3
transaction        18            3            3
transaction        19            3            3
transaction        20            3            3
transaction        21            3            3
transaction        22            3            3
transaction        23            3            3
transaction        24            3            3
transaction        25            3            3
transaction        26            3            3
transaction        27            3            3
transaction        28            3            3
transaction        29            3            3
transaction        30            3            3
transaction        31            3            3
transaction        32            3            3
transaction        33            3            3
transaction        34            3            3
transaction        35            3            3
transaction        36            3            3
transaction        37            3            3
transaction        38            3            3
transaction        39            3            3
transaction        40            3            3
transaction        41            3            3
transaction        42            3            3
transaction        43            3            3
transaction        44            3            3
transaction        45            3            3
transaction        46            3            3
transaction        47            3            3
transaction        48            3            3
transaction        49            3            3
transaction        50            3            3
transaction        51            3            3
transaction        52            3            3
transaction        53            3            3
transaction        54            3            3
transaction        55            3            3
transaction        56            3            3
transaction        57            3            3
transaction        58            3            3
transaction        59            3            3
transaction        60            3            3
transaction        61            3            3
transaction        62            3            3
transaction        63            3            3
transaction        64            3            3
transaction        65            3            3
transaction        66            3            3
transaction        67            3            3
transaction        68            3            3
transaction        69            3            3
transaction        70            3            3
transaction        71            3            3
transaction        72            3            3
transaction        73            3            3
transaction        74            3            3
transaction        75            3            3
transaction        76            3            3
transaction        77            3            3
transaction        78            3            3
transaction        79            3            3
transaction        80            3            3
transaction        81            3            3
transaction        82            3            3
transaction        83            3            3
transaction        84            3            3
transaction        85            3            3
transaction        86            3            3
transaction        87            3            3
transaction        88            3            3
transaction        89            3            3
transaction        90            3            3
transaction        91            3            3
transaction        92            3            3
transaction        93            3            3
transaction        94            3            3
transaction        95            3            3
transaction        96            3            3
transaction        97            3            3
transaction        98            3            3
transaction        99            3            3
