Copyright 1986-2018 Xilinx, Inc. All Rights Reserved.
------------------------------------------------------------------------------------
| Tool Version : Vivado v.2018.3 (win64) Build 2405991 Thu Dec  6 23:38:27 MST 2018
| Date         : Sat Feb  2 03:24:49 2019
| Host         : LAPTOP-QIAK00UP running 64-bit major release  (build 9200)
| Command      : upgrade_ip
| Device       : xc7z010clg400-1
------------------------------------------------------------------------------------

Upgrade Log for IP 'design_1_sample_generator_0_0'

1. Summary
----------

SUCCESS in the conversion of design_1_sample_generator_0_0 (MT:user:sample_generator:1.0 (Rev. 1)) to Vivado generation flows.






Copyright 1986-2018 Xilinx, Inc. All Rights Reserved.
------------------------------------------------------------------------------------
| Tool Version : Vivado v.2018.3 (win64) Build 2405991 Thu Dec  6 23:38:27 MST 2018
| Date         : Sat Feb  2 03:22:18 2019
| Host         : LAPTOP-QIAK00UP running 64-bit major release  (build 9200)
| Command      : upgrade_ip
| Device       : xc7z010clg400-1
------------------------------------------------------------------------------------

Upgrade Log for IP 'design_1_sample_generator_0_0'

1. Summary
----------

SUCCESS in the conversion of design_1_sample_generator_0_0 (MT:user:sample_generator:1.0 (Rev. 1)) to Vivado generation flows.






Copyright 1986-2018 Xilinx, Inc. All Rights Reserved.
------------------------------------------------------------------------------------
| Tool Version : Vivado v.2018.3 (win64) Build 2405991 Thu Dec  6 23:38:27 MST 2018
| Date         : Sat Feb  2 03:21:25 2019
| Host         : LAPTOP-QIAK00UP running 64-bit major release  (build 9200)
| Command      : upgrade_ip
| Device       : xc7z010clg400-1
------------------------------------------------------------------------------------

Upgrade Log for IP 'design_1_sample_generator_0_0'

1. Summary
----------

SUCCESS in the conversion of design_1_sample_generator_0_0 (MT:user:sample_generator:1.0 (Rev. 1)) to Vivado generation flows.






Copyright 1986-2018 Xilinx, Inc. All Rights Reserved.
------------------------------------------------------------------------------------
| Tool Version : Vivado v.2018.3 (win64) Build 2405991 Thu Dec  6 23:38:27 MST 2018
| Date         : Sat Feb  2 03:19:43 2019
| Host         : LAPTOP-QIAK00UP running 64-bit major release  (build 9200)
| Command      : upgrade_ip
| Device       : xc7z010clg400-1
------------------------------------------------------------------------------------

Upgrade Log for IP 'design_1_sample_generator_0_0'

1. Summary
----------

SUCCESS in the conversion of design_1_sample_generator_0_0 (MT:user:sample_generator:1.0 (Rev. 1)) to Vivado generation flows.






Copyright 1986-2018 Xilinx, Inc. All Rights Reserved.
------------------------------------------------------------------------------------
| Tool Version : Vivado v.2018.3 (win64) Build 2405991 Thu Dec  6 23:38:27 MST 2018
| Date         : Sat Feb  2 03:18:20 2019
| Host         : LAPTOP-QIAK00UP running 64-bit major release  (build 9200)
| Command      : upgrade_ip
| Device       : xc7z010clg400-1
------------------------------------------------------------------------------------

Upgrade Log for IP 'design_1_sample_generator_0_0'

1. Summary
----------

SUCCESS in the conversion of design_1_sample_generator_0_0 (MT:user:sample_generator:1.0 (Rev. 1)) to Vivado generation flows.






Copyright 1986-2018 Xilinx, Inc. All Rights Reserved.
------------------------------------------------------------------------------------
| Tool Version : Vivado v.2018.3 (win64) Build 2405991 Thu Dec  6 23:38:27 MST 2018
| Date         : Sat Feb  2 03:14:35 2019
| Host         : LAPTOP-QIAK00UP running 64-bit major release  (build 9200)
| Command      : upgrade_ip
| Device       : xc7z010clg400-1
------------------------------------------------------------------------------------

Upgrade Log for IP 'design_1_sample_generator_0_0'

1. Summary
----------

SUCCESS in the conversion of design_1_sample_generator_0_0 (MT:user:sample_generator:1.0 (Rev. 1)) to Vivado generation flows.






Copyright 1986-2018 Xilinx, Inc. All Rights Reserved.
------------------------------------------------------------------------------------
| Tool Version : Vivado v.2018.3 (win64) Build 2405991 Thu Dec  6 23:38:27 MST 2018
| Date         : Sat Feb  2 03:11:38 2019
| Host         : LAPTOP-QIAK00UP running 64-bit major release  (build 9200)
| Command      : upgrade_ip
| Device       : xc7z010clg400-1
------------------------------------------------------------------------------------

Upgrade Log for IP 'design_1_sample_generator_0_0'

1. Summary
----------

SUCCESS in the conversion of design_1_sample_generator_0_0 (MT:user:sample_generator:1.0 (Rev. 1)) to Vivado generation flows.






Copyright 1986-2018 Xilinx, Inc. All Rights Reserved.
------------------------------------------------------------------------------------
| Tool Version : Vivado v.2018.3 (win64) Build 2405991 Thu Dec  6 23:38:27 MST 2018
| Date         : Sat Feb  2 03:10:03 2019
| Host         : LAPTOP-QIAK00UP running 64-bit major release  (build 9200)
| Command      : upgrade_ip
| Device       : xc7z010clg400-1
------------------------------------------------------------------------------------

Upgrade Log for IP 'design_1_sample_generator_0_0'

1. Summary
----------

SUCCESS in the conversion of design_1_sample_generator_0_0 (MT:user:sample_generator:1.0 (Rev. 1)) to Vivado generation flows.






Copyright 1986-2018 Xilinx, Inc. All Rights Reserved.
------------------------------------------------------------------------------------
| Tool Version : Vivado v.2018.3 (win64) Build 2405991 Thu Dec  6 23:38:27 MST 2018
| Date         : Sat Feb  2 03:07:38 2019
| Host         : LAPTOP-QIAK00UP running 64-bit major release  (build 9200)
| Command      : upgrade_ip
| Device       : xc7z010clg400-1
------------------------------------------------------------------------------------

Upgrade Log for IP 'design_1_sample_generator_0_0'

1. Summary
----------

SUCCESS in the conversion of design_1_sample_generator_0_0 (MT:user:sample_generator:1.0 (Rev. 1)) to Vivado generation flows.






Copyright 1986-2018 Xilinx, Inc. All Rights Reserved.
------------------------------------------------------------------------------------
| Tool Version : Vivado v.2018.3 (win64) Build 2405991 Thu Dec  6 23:38:27 MST 2018
| Date         : Sat Feb  2 03:02:47 2019
| Host         : LAPTOP-QIAK00UP running 64-bit major release  (build 9200)
| Command      : upgrade_ip
| Device       : xc7z010clg400-1
------------------------------------------------------------------------------------

Upgrade Log for IP 'design_1_sample_generator_0_0'

1. Summary
----------

SUCCESS in the conversion of design_1_sample_generator_0_0 (MT:user:sample_generator:1.0 (Rev. 1)) to Vivado generation flows.






Copyright 1986-2018 Xilinx, Inc. All Rights Reserved.
------------------------------------------------------------------------------------
| Tool Version : Vivado v.2018.3 (win64) Build 2405991 Thu Dec  6 23:38:27 MST 2018
| Date         : Sat Feb  2 02:58:56 2019
| Host         : LAPTOP-QIAK00UP running 64-bit major release  (build 9200)
| Command      : upgrade_ip
| Device       : xc7z010clg400-1
------------------------------------------------------------------------------------

Upgrade Log for IP 'design_1_sample_generator_0_0'

1. Summary
----------

SUCCESS in the conversion of design_1_sample_generator_0_0 (MT:user:sample_generator:1.0 (Rev. 1)) to Vivado generation flows.






Copyright 1986-2018 Xilinx, Inc. All Rights Reserved.
------------------------------------------------------------------------------------
| Tool Version : Vivado v.2018.3 (win64) Build 2405991 Thu Dec  6 23:38:27 MST 2018
| Date         : Sat Feb  2 02:57:12 2019
| Host         : LAPTOP-QIAK00UP running 64-bit major release  (build 9200)
| Command      : upgrade_ip
| Device       : xc7z010clg400-1
------------------------------------------------------------------------------------

Upgrade Log for IP 'design_1_sample_generator_0_0'

1. Summary
----------

SUCCESS in the conversion of design_1_sample_generator_0_0 (MT:user:sample_generator:1.0 (Rev. 1)) to Vivado generation flows.






Copyright 1986-2018 Xilinx, Inc. All Rights Reserved.
------------------------------------------------------------------------------------
| Tool Version : Vivado v.2018.3 (win64) Build 2405991 Thu Dec  6 23:38:27 MST 2018
| Date         : Sat Feb  2 02:54:46 2019
| Host         : LAPTOP-QIAK00UP running 64-bit major release  (build 9200)
| Command      : upgrade_ip
| Device       : xc7z010clg400-1
------------------------------------------------------------------------------------

Upgrade Log for IP 'design_1_sample_generator_0_0'

1. Summary
----------

SUCCESS in the conversion of design_1_sample_generator_0_0 (MT:user:sample_generator:1.0 (Rev. 1)) to Vivado generation flows.






Copyright 1986-2018 Xilinx, Inc. All Rights Reserved.
------------------------------------------------------------------------------------
| Tool Version : Vivado v.2018.3 (win64) Build 2405991 Thu Dec  6 23:38:27 MST 2018
| Date         : Sat Feb  2 02:53:23 2019
| Host         : LAPTOP-QIAK00UP running 64-bit major release  (build 9200)
| Command      : upgrade_ip
| Device       : xc7z010clg400-1
------------------------------------------------------------------------------------

Upgrade Log for IP 'design_1_sample_generator_0_0'

1. Summary
----------

SUCCESS in the conversion of design_1_sample_generator_0_0 (MT:user:sample_generator:1.0 (Rev. 1)) to Vivado generation flows.






Copyright 1986-2018 Xilinx, Inc. All Rights Reserved.
------------------------------------------------------------------------------------
| Tool Version : Vivado v.2018.3 (win64) Build 2405991 Thu Dec  6 23:38:27 MST 2018
| Date         : Sat Feb  2 01:48:39 2019
| Host         : LAPTOP-QIAK00UP running 64-bit major release  (build 9200)
| Command      : upgrade_ip
| Device       : xc7z010clg400-1
------------------------------------------------------------------------------------

Upgrade Log for IP 'design_1_sample_generator_0_0'

1. Summary
----------

SUCCESS in the conversion of design_1_sample_generator_0_0 (MT:user:sample_generator:1.0 (Rev. 1)) to Vivado generation flows.






Copyright 1986-2018 Xilinx, Inc. All Rights Reserved.
------------------------------------------------------------------------------------
| Tool Version : Vivado v.2018.3 (win64) Build 2405991 Thu Dec  6 23:38:27 MST 2018
| Date         : Fri Feb  1 23:47:09 2019
| Host         : LAPTOP-QIAK00UP running 64-bit major release  (build 9200)
| Command      : upgrade_ip
| Device       : xc7z010clg400-1
------------------------------------------------------------------------------------

Upgrade Log for IP 'design_1_sample_generator_0_0'

1. Summary
----------

SUCCESS in the conversion of design_1_sample_generator_0_0 (MT:user:sample_generator:1.0 (Rev. 1)) to Vivado generation flows.






Copyright 1986-2018 Xilinx, Inc. All Rights Reserved.
------------------------------------------------------------------------------------
| Tool Version : Vivado v.2018.3 (win64) Build 2405991 Thu Dec  6 23:38:27 MST 2018
| Date         : Fri Feb  1 17:50:27 2019
| Host         : 63L-MT8825 running 64-bit major release  (build 9200)
| Command      : upgrade_ip
| Device       : xc7z010clg400-1
------------------------------------------------------------------------------------

Upgrade Log for IP 'design_1_sample_generator_0_0'

1. Summary
----------

SUCCESS in the conversion of design_1_sample_generator_0_0 (MT:user:sample_generator:1.0 (Rev. 1)) to Vivado generation flows.






Copyright 1986-2018 Xilinx, Inc. All Rights Reserved.
------------------------------------------------------------------------------------
| Tool Version : Vivado v.2018.3 (win64) Build 2405991 Thu Dec  6 23:38:27 MST 2018
| Date         : Fri Feb  1 17:47:24 2019
| Host         : 63L-MT8825 running 64-bit major release  (build 9200)
| Command      : upgrade_ip
| Device       : xc7z010clg400-1
------------------------------------------------------------------------------------

Upgrade Log for IP 'design_1_sample_generator_0_0'

1. Summary
----------

SUCCESS in the conversion of design_1_sample_generator_0_0 (MT:user:sample_generator:1.0 (Rev. 1)) to Vivado generation flows.






Copyright 1986-2018 Xilinx, Inc. All Rights Reserved.
------------------------------------------------------------------------------------
| Tool Version : Vivado v.2018.3 (win64) Build 2405991 Thu Dec  6 23:38:27 MST 2018
| Date         : Fri Feb  1 17:40:12 2019
| Host         : 63L-MT8825 running 64-bit major release  (build 9200)
| Command      : upgrade_ip
| Device       : xc7z010clg400-1
------------------------------------------------------------------------------------

Upgrade Log for IP 'design_1_sample_generator_0_0'

1. Summary
----------

SUCCESS in the conversion of design_1_sample_generator_0_0 (MT:user:sample_generator:1.0 (Rev. 1)) to Vivado generation flows.






Copyright 1986-2018 Xilinx, Inc. All Rights Reserved.
------------------------------------------------------------------------------------
| Tool Version : Vivado v.2018.3 (win64) Build 2405991 Thu Dec  6 23:38:27 MST 2018
| Date         : Fri Feb  1 17:21:16 2019
| Host         : 63L-MT8825 running 64-bit major release  (build 9200)
| Command      : upgrade_ip
| Device       : xc7z010clg400-1
------------------------------------------------------------------------------------

Upgrade Log for IP 'design_1_sample_generator_0_0'

1. Summary
----------

SUCCESS in the conversion of design_1_sample_generator_0_0 (MT:user:sample_generator:1.0 (Rev. 1)) to Vivado generation flows.






Copyright 1986-2018 Xilinx, Inc. All Rights Reserved.
------------------------------------------------------------------------------------
| Tool Version : Vivado v.2018.3 (win64) Build 2405991 Thu Dec  6 23:38:27 MST 2018
| Date         : Fri Feb  1 17:16:41 2019
| Host         : 63L-MT8825 running 64-bit major release  (build 9200)
| Command      : upgrade_ip
| Device       : xc7z010clg400-1
------------------------------------------------------------------------------------

Upgrade Log for IP 'design_1_sample_generator_0_0'

1. Summary
----------

SUCCESS in the conversion of design_1_sample_generator_0_0 (MT:user:sample_generator:1.0 (Rev. 1)) to Vivado generation flows.






Copyright 1986-2018 Xilinx, Inc. All Rights Reserved.
------------------------------------------------------------------------------------
| Tool Version : Vivado v.2018.3 (win64) Build 2405991 Thu Dec  6 23:38:27 MST 2018
| Date         : Fri Feb  1 17:13:23 2019
| Host         : 63L-MT8825 running 64-bit major release  (build 9200)
| Command      : upgrade_ip
| Device       : xc7z010clg400-1
------------------------------------------------------------------------------------

Upgrade Log for IP 'design_1_sample_generator_0_0'

1. Summary
----------

SUCCESS in the conversion of design_1_sample_generator_0_0 (MT:user:sample_generator:1.0 (Rev. 1)) to Vivado generation flows.






Copyright 1986-2018 Xilinx, Inc. All Rights Reserved.
------------------------------------------------------------------------------------
| Tool Version : Vivado v.2018.3 (win64) Build 2405991 Thu Dec  6 23:38:27 MST 2018
| Date         : Fri Feb  1 17:10:38 2019
| Host         : 63L-MT8825 running 64-bit major release  (build 9200)
| Command      : upgrade_ip
| Device       : xc7z010clg400-1
------------------------------------------------------------------------------------

Upgrade Log for IP 'design_1_sample_generator_0_0'

1. Summary
----------

SUCCESS in the conversion of design_1_sample_generator_0_0 (MT:user:sample_generator:1.0 (Rev. 1)) to Vivado generation flows.






Copyright 1986-2018 Xilinx, Inc. All Rights Reserved.
------------------------------------------------------------------------------------
| Tool Version : Vivado v.2018.3 (win64) Build 2405991 Thu Dec  6 23:38:27 MST 2018
| Date         : Fri Feb  1 17:03:12 2019
| Host         : 63L-MT8825 running 64-bit major release  (build 9200)
| Command      : upgrade_ip
| Device       : xc7z010clg400-1
------------------------------------------------------------------------------------

Upgrade Log for IP 'design_1_sample_generator_0_0'

1. Summary
----------

SUCCESS in the conversion of design_1_sample_generator_0_0 (MT:user:sample_generator:1.0 (Rev. 1)) to Vivado generation flows.






Copyright 1986-2018 Xilinx, Inc. All Rights Reserved.
------------------------------------------------------------------------------------
| Tool Version : Vivado v.2018.3 (win64) Build 2405991 Thu Dec  6 23:38:27 MST 2018
| Date         : Fri Feb  1 17:00:09 2019
| Host         : 63L-MT8825 running 64-bit major release  (build 9200)
| Command      : upgrade_ip
| Device       : xc7z010clg400-1
------------------------------------------------------------------------------------

Upgrade Log for IP 'design_1_sample_generator_0_0'

1. Summary
----------

SUCCESS in the conversion of design_1_sample_generator_0_0 (MT:user:sample_generator:1.0 (Rev. 1)) to Vivado generation flows.






Copyright 1986-2018 Xilinx, Inc. All Rights Reserved.
------------------------------------------------------------------------------------
| Tool Version : Vivado v.2018.3 (win64) Build 2405991 Thu Dec  6 23:38:27 MST 2018
| Date         : Fri Feb  1 16:57:01 2019
| Host         : 63L-MT8825 running 64-bit major release  (build 9200)
| Command      : upgrade_ip
| Device       : xc7z010clg400-1
------------------------------------------------------------------------------------

Upgrade Log for IP 'design_1_sample_generator_0_0'

1. Summary
----------

SUCCESS in the conversion of design_1_sample_generator_0_0 (MT:user:sample_generator:1.0 (Rev. 1)) to Vivado generation flows.






Copyright 1986-2018 Xilinx, Inc. All Rights Reserved.
------------------------------------------------------------------------------------
| Tool Version : Vivado v.2018.3 (win64) Build 2405991 Thu Dec  6 23:38:27 MST 2018
| Date         : Fri Feb  1 16:53:34 2019
| Host         : 63L-MT8825 running 64-bit major release  (build 9200)
| Command      : upgrade_ip
| Device       : xc7z010clg400-1
------------------------------------------------------------------------------------

Upgrade Log for IP 'design_1_sample_generator_0_0'

1. Summary
----------

SUCCESS in the conversion of design_1_sample_generator_0_0 (MT:user:sample_generator:1.0 (Rev. 1)) to Vivado generation flows.






Copyright 1986-2018 Xilinx, Inc. All Rights Reserved.
------------------------------------------------------------------------------------
| Tool Version : Vivado v.2018.3 (win64) Build 2405991 Thu Dec  6 23:38:27 MST 2018
| Date         : Fri Feb  1 16:36:59 2019
| Host         : 63L-MT8825 running 64-bit major release  (build 9200)
| Command      : upgrade_ip
| Device       : xc7z010clg400-1
------------------------------------------------------------------------------------

Upgrade Log for IP 'design_1_sample_generator_0_0'

1. Summary
----------

SUCCESS in the conversion of design_1_sample_generator_0_0 (MT:user:sample_generator:1.0 (Rev. 1)) to Vivado generation flows.






Copyright 1986-2018 Xilinx, Inc. All Rights Reserved.
------------------------------------------------------------------------------------
| Tool Version : Vivado v.2018.3 (win64) Build 2405991 Thu Dec  6 23:38:27 MST 2018
| Date         : Fri Feb  1 16:28:37 2019
| Host         : 63L-MT8825 running 64-bit major release  (build 9200)
| Command      : upgrade_ip
| Device       : xc7z010clg400-1
------------------------------------------------------------------------------------

Upgrade Log for IP 'design_1_sample_generator_0_0'

1. Summary
----------

SUCCESS in the conversion of design_1_sample_generator_0_0 (MT:user:sample_generator:1.0 (Rev. 1)) to Vivado generation flows.






Copyright 1986-2018 Xilinx, Inc. All Rights Reserved.
------------------------------------------------------------------------------------
| Tool Version : Vivado v.2018.3 (win64) Build 2405991 Thu Dec  6 23:38:27 MST 2018
| Date         : Fri Feb  1 16:23:40 2019
| Host         : 63L-MT8825 running 64-bit major release  (build 9200)
| Command      : upgrade_ip
| Device       : xc7z010clg400-1
------------------------------------------------------------------------------------

Upgrade Log for IP 'design_1_sample_generator_0_0'

1. Summary
----------

SUCCESS in the conversion of design_1_sample_generator_0_0 (MT:user:sample_generator:1.0 (Rev. 1)) to Vivado generation flows.






Copyright 1986-2018 Xilinx, Inc. All Rights Reserved.
------------------------------------------------------------------------------------
| Tool Version : Vivado v.2018.3 (win64) Build 2405991 Thu Dec  6 23:38:27 MST 2018
| Date         : Fri Feb  1 16:02:38 2019
| Host         : 63L-MT8825 running 64-bit major release  (build 9200)
| Command      : upgrade_ip
| Device       : xc7z010clg400-1
------------------------------------------------------------------------------------

Upgrade Log for IP 'design_1_sample_generator_0_0'

1. Summary
----------

SUCCESS in the conversion of design_1_sample_generator_0_0 (MT:user:sample_generator:1.0 (Rev. 1)) to Vivado generation flows.






Copyright 1986-2018 Xilinx, Inc. All Rights Reserved.
------------------------------------------------------------------------------------
| Tool Version : Vivado v.2018.3 (win64) Build 2405991 Thu Dec  6 23:38:27 MST 2018
| Date         : Thu Jan 31 19:00:30 2019
| Host         : 63L-MT8825 running 64-bit major release  (build 9200)
| Command      : upgrade_ip
| Device       : xc7z010clg400-1
------------------------------------------------------------------------------------

Upgrade Log for IP 'design_1_sample_generator_0_0'

1. Summary
----------

SUCCESS in the conversion of design_1_sample_generator_0_0 (MT:user:sample_generator:1.0 (Rev. 1)) to Vivado generation flows.






Copyright 1986-2018 Xilinx, Inc. All Rights Reserved.
------------------------------------------------------------------------------------
| Tool Version : Vivado v.2018.3 (win64) Build 2405991 Thu Dec  6 23:38:27 MST 2018
| Date         : Thu Jan 31 18:57:22 2019
| Host         : 63L-MT8825 running 64-bit major release  (build 9200)
| Command      : upgrade_ip
| Device       : xc7z010clg400-1
------------------------------------------------------------------------------------

Upgrade Log for IP 'design_1_sample_generator_0_0'

1. Summary
----------

SUCCESS in the conversion of design_1_sample_generator_0_0 (MT:user:sample_generator:1.0 (Rev. 1)) to Vivado generation flows.






Copyright 1986-2018 Xilinx, Inc. All Rights Reserved.
------------------------------------------------------------------------------------
| Tool Version : Vivado v.2018.3 (win64) Build 2405991 Thu Dec  6 23:38:27 MST 2018
| Date         : Thu Jan 31 18:55:07 2019
| Host         : 63L-MT8825 running 64-bit major release  (build 9200)
| Command      : upgrade_ip
| Device       : xc7z010clg400-1
------------------------------------------------------------------------------------

Upgrade Log for IP 'design_1_sample_generator_0_0'

1. Summary
----------

SUCCESS in the conversion of design_1_sample_generator_0_0 (MT:user:sample_generator:1.0 (Rev. 1)) to Vivado generation flows.






Copyright 1986-2018 Xilinx, Inc. All Rights Reserved.
------------------------------------------------------------------------------------
| Tool Version : Vivado v.2018.3 (win64) Build 2405991 Thu Dec  6 23:38:27 MST 2018
| Date         : Thu Jan 31 18:51:21 2019
| Host         : 63L-MT8825 running 64-bit major release  (build 9200)
| Command      : upgrade_ip
| Device       : xc7z010clg400-1
------------------------------------------------------------------------------------

Upgrade Log for IP 'design_1_sample_generator_0_0'

1. Summary
----------

SUCCESS in the conversion of design_1_sample_generator_0_0 (MT:user:sample_generator:1.0 (Rev. 1)) to Vivado generation flows.






Copyright 1986-2018 Xilinx, Inc. All Rights Reserved.
------------------------------------------------------------------------------------
| Tool Version : Vivado v.2018.3 (win64) Build 2405991 Thu Dec  6 23:38:27 MST 2018
| Date         : Thu Jan 31 18:48:57 2019
| Host         : 63L-MT8825 running 64-bit major release  (build 9200)
| Command      : upgrade_ip
| Device       : xc7z010clg400-1
------------------------------------------------------------------------------------

Upgrade Log for IP 'design_1_sample_generator_0_0'

1. Summary
----------

SUCCESS in the conversion of design_1_sample_generator_0_0 (MT:user:sample_generator:1.0 (Rev. 1)) to Vivado generation flows.






Copyright 1986-2018 Xilinx, Inc. All Rights Reserved.
------------------------------------------------------------------------------------
| Tool Version : Vivado v.2018.3 (win64) Build 2405991 Thu Dec  6 23:38:27 MST 2018
| Date         : Thu Jan 31 18:43:35 2019
| Host         : 63L-MT8825 running 64-bit major release  (build 9200)
| Command      : upgrade_ip
| Device       : xc7z010clg400-1
------------------------------------------------------------------------------------

Upgrade Log for IP 'design_1_sample_generator_0_0'

1. Summary
----------

SUCCESS in the conversion of design_1_sample_generator_0_0 (MT:user:sample_generator:1.0 (Rev. 1)) to Vivado generation flows.






Copyright 1986-2018 Xilinx, Inc. All Rights Reserved.
------------------------------------------------------------------------------------
| Tool Version : Vivado v.2018.3 (win64) Build 2405991 Thu Dec  6 23:38:27 MST 2018
| Date         : Thu Jan 31 18:37:10 2019
| Host         : 63L-MT8825 running 64-bit major release  (build 9200)
| Command      : upgrade_ip
| Device       : xc7z010clg400-1
------------------------------------------------------------------------------------

Upgrade Log for IP 'design_1_sample_generator_0_0'

1. Summary
----------

SUCCESS in the conversion of design_1_sample_generator_0_0 (MT:user:sample_generator:1.0 (Rev. 1)) to Vivado generation flows.






Copyright 1986-2018 Xilinx, Inc. All Rights Reserved.
------------------------------------------------------------------------------------
| Tool Version : Vivado v.2018.3 (win64) Build 2405991 Thu Dec  6 23:38:27 MST 2018
| Date         : Thu Jan 31 18:35:02 2019
| Host         : 63L-MT8825 running 64-bit major release  (build 9200)
| Command      : upgrade_ip
| Device       : xc7z010clg400-1
------------------------------------------------------------------------------------

Upgrade Log for IP 'design_1_sample_generator_0_0'

1. Summary
----------

SUCCESS in the conversion of design_1_sample_generator_0_0 (MT:user:sample_generator:1.0 (Rev. 1)) to Vivado generation flows.






Copyright 1986-2018 Xilinx, Inc. All Rights Reserved.
------------------------------------------------------------------------------------
| Tool Version : Vivado v.2018.3 (win64) Build 2405991 Thu Dec  6 23:38:27 MST 2018
| Date         : Thu Jan 31 17:47:17 2019
| Host         : 63L-MT8825 running 64-bit major release  (build 9200)
| Command      : upgrade_ip
| Device       : xc7z010clg400-1
------------------------------------------------------------------------------------

Upgrade Log for IP 'design_1_sample_generator_0_0'

1. Summary
----------

SUCCESS in the conversion of design_1_sample_generator_0_0 (MT:user:sample_generator:1.0 (Rev. 1)) to Vivado generation flows.






Copyright 1986-2018 Xilinx, Inc. All Rights Reserved.
------------------------------------------------------------------------------------
| Tool Version : Vivado v.2018.3 (win64) Build 2405991 Thu Dec  6 23:38:27 MST 2018
| Date         : Thu Jan 31 17:46:25 2019
| Host         : 63L-MT8825 running 64-bit major release  (build 9200)
| Command      : upgrade_ip
| Device       : xc7z010clg400-1
------------------------------------------------------------------------------------

Upgrade Log for IP 'design_1_sample_generator_0_0'

1. Summary
----------

SUCCESS in the conversion of design_1_sample_generator_0_0 (MT:user:sample_generator:1.0 (Rev. 1)) to Vivado generation flows.






Copyright 1986-2018 Xilinx, Inc. All Rights Reserved.
------------------------------------------------------------------------------------
| Tool Version : Vivado v.2018.3 (win64) Build 2405991 Thu Dec  6 23:38:27 MST 2018
| Date         : Thu Jan 31 17:19:41 2019
| Host         : 63L-MT8825 running 64-bit major release  (build 9200)
| Command      : upgrade_ip
| Device       : xc7z010clg400-1
------------------------------------------------------------------------------------

Upgrade Log for IP 'design_1_sample_generator_0_0'

1. Summary
----------

SUCCESS in the conversion of design_1_sample_generator_0_0 (MT:user:sample_generator:1.0 (Rev. 1)) to Vivado generation flows.

