#-----------------------------------------------------------
# xsim v2018.3 (64-bit)
# SW Build 2405991 on Thu Dec  6 23:38:27 MST 2018
# IP Build 2404404 on Fri Dec  7 01:43:56 MST 2018
# Start of session at: Mon Jan 21 17:24:08 2019
# Process ID: 38896
# Current directory: D:/Github/Zynq7000/ZynqTraining/Session_06_Lab_01/HLS/axi_stream_counter/solution1/sim/vhdl
# Command line: xsim.exe -mode tcl -source {xsim.dir/axi_stream_counter/xsim_script.tcl}
# Log file: D:/Github/Zynq7000/ZynqTraining/Session_06_Lab_01/HLS/axi_stream_counter/solution1/sim/vhdl/xsim.log
# Journal file: D:/Github/Zynq7000/ZynqTraining/Session_06_Lab_01/HLS/axi_stream_counter/solution1/sim/vhdl\xsim.jou
#-----------------------------------------------------------
source xsim.dir/axi_stream_counter/xsim_script.tcl
# xsim {axi_stream_counter} -autoloadwcfg -tclbatch {axi_stream_counter.tcl}
Vivado Simulator 2018.3
Time resolution is 1 ps
source axi_stream_counter.tcl
## log_wave -r /
WARNING: [Simtcl 6-197] One or more HDL objects could not be logged because of object type or size limitations.  To see details please rerun the command with -verbose (-v).
## set designtopgroup [add_wave_group "Design Top Signals"]
## set coutputgroup [add_wave_group "C Outputs" -into $designtopgroup]
## set return_group [add_wave_group return(wire) -into $coutputgroup]
## add_wave /apatb_axi_stream_counter_top/AESL_inst_axi_stream_counter/ap_return -into $return_group -radix hex
## set counter_output_group [add_wave_group counter_output(axis) -into $coutputgroup]
## add_wave /apatb_axi_stream_counter_top/AESL_inst_axi_stream_counter/counter_output_TREADY -into $counter_output_group -color #ffff00 -radix hex
## add_wave /apatb_axi_stream_counter_top/AESL_inst_axi_stream_counter/counter_output_TVALID -into $counter_output_group -color #ffff00 -radix hex
## add_wave /apatb_axi_stream_counter_top/AESL_inst_axi_stream_counter/counter_output_TDATA -into $counter_output_group -radix hex
## set blocksiggroup [add_wave_group "Block-level IO Handshake" -into $designtopgroup]
## add_wave /apatb_axi_stream_counter_top/AESL_inst_axi_stream_counter/ap_start -into $blocksiggroup
## add_wave /apatb_axi_stream_counter_top/AESL_inst_axi_stream_counter/ap_done -into $blocksiggroup
## add_wave /apatb_axi_stream_counter_top/AESL_inst_axi_stream_counter/ap_idle -into $blocksiggroup
## add_wave /apatb_axi_stream_counter_top/AESL_inst_axi_stream_counter/ap_ready -into $blocksiggroup
## set resetgroup [add_wave_group "Reset" -into $designtopgroup]
## add_wave /apatb_axi_stream_counter_top/AESL_inst_axi_stream_counter/ap_rst_n -into $resetgroup
## set clockgroup [add_wave_group "Clock" -into $designtopgroup]
## add_wave /apatb_axi_stream_counter_top/AESL_inst_axi_stream_counter/ap_clk -into $clockgroup
## set testbenchgroup [add_wave_group "Test Bench Signals"]
## set tbinternalsiggroup [add_wave_group "Internal Signals" -into $testbenchgroup]
## set tb_simstatus_group [add_wave_group "Simulation Status" -into $tbinternalsiggroup]
## set tb_portdepth_group [add_wave_group "Port Depth" -into $tbinternalsiggroup]
## add_wave /apatb_axi_stream_counter_top/AUTOTB_TRANSACTION_NUM -into $tb_simstatus_group -radix hex
## add_wave /apatb_axi_stream_counter_top/ready_cnt -into $tb_simstatus_group -radix hex
## add_wave /apatb_axi_stream_counter_top/done_cnt -into $tb_simstatus_group -radix hex
## add_wave /apatb_axi_stream_counter_top/LENGTH_counter_output -into $tb_portdepth_group -radix hex
## add_wave /apatb_axi_stream_counter_top/LENGTH_ap_return -into $tb_portdepth_group -radix hex
## set tbcoutputgroup [add_wave_group "C Outputs" -into $testbenchgroup]
## set tb_return_group [add_wave_group return(wire) -into $tbcoutputgroup]
## add_wave /apatb_axi_stream_counter_top/ap_return -into $tb_return_group -radix hex
## set tb_counter_output_group [add_wave_group counter_output(axis) -into $tbcoutputgroup]
## add_wave /apatb_axi_stream_counter_top/counter_output_TREADY -into $tb_counter_output_group -color #ffff00 -radix hex
## add_wave /apatb_axi_stream_counter_top/counter_output_TVALID -into $tb_counter_output_group -color #ffff00 -radix hex
## add_wave /apatb_axi_stream_counter_top/counter_output_TDATA -into $tb_counter_output_group -radix hex
## save_wave_config axi_stream_counter.wcfg
## run all
Note: simulation done!
Time: 3175 ns  Iteration: 1  Process: /apatb_axi_stream_counter_top/generate_sim_done_proc  File: D:/Github/Zynq7000/ZynqTraining/Session_06_Lab_01/HLS/axi_stream_counter/solution1/sim/vhdl/axi_stream_counter.autotb.vhd
Failure: NORMAL EXIT (note: failure is to force the simulator to stop)
Time: 3175 ns  Iteration: 1  Process: /apatb_axi_stream_counter_top/generate_sim_done_proc  File: D:/Github/Zynq7000/ZynqTraining/Session_06_Lab_01/HLS/axi_stream_counter/solution1/sim/vhdl/axi_stream_counter.autotb.vhd
$finish called at time : 3175 ns
## quit
INFO: [Common 17-206] Exiting xsim at Mon Jan 21 17:24:15 2019...
