Copyright 1986-2018 Xilinx, Inc. All Rights Reserved.
--------------------------------------------------------------------------------------------------------------------------------------------------------------------------------------
| Tool Version : Vivado v.2018.3 (win64) Build 2405991 Thu Dec  6 23:38:27 MST 2018
| Date         : Sat Feb  9 20:46:51 2019
| Host         : LAPTOP-QIAK00UP running 64-bit major release  (build 9200)
| Command      : report_methodology -file design_1_wrapper_methodology_drc_routed.rpt -pb design_1_wrapper_methodology_drc_routed.pb -rpx design_1_wrapper_methodology_drc_routed.rpx
| Design       : design_1_wrapper
| Device       : xc7z010clg400-1
| Speed File   : -1
| Design State : Fully Routed
--------------------------------------------------------------------------------------------------------------------------------------------------------------------------------------

Report Methodology

Table of Contents
-----------------
1. REPORT SUMMARY
2. REPORT DETAILS

1. REPORT SUMMARY
-----------------
            Netlist: netlist
          Floorplan: design_1
      Design limits: <entire design considered>
             Max violations: <unlimited>
             Violations found: 50
+-----------+----------+-----------------------------+------------+
| Rule      | Severity | Description                 | Violations |
+-----------+----------+-----------------------------+------------+
| TIMING-17 | Warning  | Non-clocked sequential cell | 50         |
+-----------+----------+-----------------------------+------------+

2. REPORT DETAILS
-----------------
TIMING-17#1 Warning
Non-clocked sequential cell  
The clock pin design_1_i/sample_generator_0/U0/sample_generator_v1_0_M_AXIS_inst/afterResetCycleCounterR_reg[0]/C is not reached by a timing clock
Related violations: <none>

TIMING-17#2 Warning
Non-clocked sequential cell  
The clock pin design_1_i/sample_generator_0/U0/sample_generator_v1_0_M_AXIS_inst/afterResetCycleCounterR_reg[1]/C is not reached by a timing clock
Related violations: <none>

TIMING-17#3 Warning
Non-clocked sequential cell  
The clock pin design_1_i/sample_generator_0/U0/sample_generator_v1_0_M_AXIS_inst/afterResetCycleCounterR_reg[2]/C is not reached by a timing clock
Related violations: <none>

TIMING-17#4 Warning
Non-clocked sequential cell  
The clock pin design_1_i/sample_generator_0/U0/sample_generator_v1_0_M_AXIS_inst/afterResetCycleCounterR_reg[3]/C is not reached by a timing clock
Related violations: <none>

TIMING-17#5 Warning
Non-clocked sequential cell  
The clock pin design_1_i/sample_generator_0/U0/sample_generator_v1_0_M_AXIS_inst/afterResetCycleCounterR_reg[4]/C is not reached by a timing clock
Related violations: <none>

TIMING-17#6 Warning
Non-clocked sequential cell  
The clock pin design_1_i/sample_generator_0/U0/sample_generator_v1_0_M_AXIS_inst/afterResetCycleCounterR_reg[5]/C is not reached by a timing clock
Related violations: <none>

TIMING-17#7 Warning
Non-clocked sequential cell  
The clock pin design_1_i/sample_generator_0/U0/sample_generator_v1_0_M_AXIS_inst/afterResetCycleCounterR_reg[6]/C is not reached by a timing clock
Related violations: <none>

TIMING-17#8 Warning
Non-clocked sequential cell  
The clock pin design_1_i/sample_generator_0/U0/sample_generator_v1_0_M_AXIS_inst/afterResetCycleCounterR_reg[7]/C is not reached by a timing clock
Related violations: <none>

TIMING-17#9 Warning
Non-clocked sequential cell  
The clock pin design_1_i/sample_generator_0/U0/sample_generator_v1_0_M_AXIS_inst/counterR_reg[0]/C is not reached by a timing clock
Related violations: <none>

TIMING-17#10 Warning
Non-clocked sequential cell  
The clock pin design_1_i/sample_generator_0/U0/sample_generator_v1_0_M_AXIS_inst/counterR_reg[10]/C is not reached by a timing clock
Related violations: <none>

TIMING-17#11 Warning
Non-clocked sequential cell  
The clock pin design_1_i/sample_generator_0/U0/sample_generator_v1_0_M_AXIS_inst/counterR_reg[11]/C is not reached by a timing clock
Related violations: <none>

TIMING-17#12 Warning
Non-clocked sequential cell  
The clock pin design_1_i/sample_generator_0/U0/sample_generator_v1_0_M_AXIS_inst/counterR_reg[12]/C is not reached by a timing clock
Related violations: <none>

TIMING-17#13 Warning
Non-clocked sequential cell  
The clock pin design_1_i/sample_generator_0/U0/sample_generator_v1_0_M_AXIS_inst/counterR_reg[13]/C is not reached by a timing clock
Related violations: <none>

TIMING-17#14 Warning
Non-clocked sequential cell  
The clock pin design_1_i/sample_generator_0/U0/sample_generator_v1_0_M_AXIS_inst/counterR_reg[14]/C is not reached by a timing clock
Related violations: <none>

TIMING-17#15 Warning
Non-clocked sequential cell  
The clock pin design_1_i/sample_generator_0/U0/sample_generator_v1_0_M_AXIS_inst/counterR_reg[15]/C is not reached by a timing clock
Related violations: <none>

TIMING-17#16 Warning
Non-clocked sequential cell  
The clock pin design_1_i/sample_generator_0/U0/sample_generator_v1_0_M_AXIS_inst/counterR_reg[16]/C is not reached by a timing clock
Related violations: <none>

TIMING-17#17 Warning
Non-clocked sequential cell  
The clock pin design_1_i/sample_generator_0/U0/sample_generator_v1_0_M_AXIS_inst/counterR_reg[17]/C is not reached by a timing clock
Related violations: <none>

TIMING-17#18 Warning
Non-clocked sequential cell  
The clock pin design_1_i/sample_generator_0/U0/sample_generator_v1_0_M_AXIS_inst/counterR_reg[18]/C is not reached by a timing clock
Related violations: <none>

TIMING-17#19 Warning
Non-clocked sequential cell  
The clock pin design_1_i/sample_generator_0/U0/sample_generator_v1_0_M_AXIS_inst/counterR_reg[19]/C is not reached by a timing clock
Related violations: <none>

TIMING-17#20 Warning
Non-clocked sequential cell  
The clock pin design_1_i/sample_generator_0/U0/sample_generator_v1_0_M_AXIS_inst/counterR_reg[1]/C is not reached by a timing clock
Related violations: <none>

TIMING-17#21 Warning
Non-clocked sequential cell  
The clock pin design_1_i/sample_generator_0/U0/sample_generator_v1_0_M_AXIS_inst/counterR_reg[20]/C is not reached by a timing clock
Related violations: <none>

TIMING-17#22 Warning
Non-clocked sequential cell  
The clock pin design_1_i/sample_generator_0/U0/sample_generator_v1_0_M_AXIS_inst/counterR_reg[21]/C is not reached by a timing clock
Related violations: <none>

TIMING-17#23 Warning
Non-clocked sequential cell  
The clock pin design_1_i/sample_generator_0/U0/sample_generator_v1_0_M_AXIS_inst/counterR_reg[22]/C is not reached by a timing clock
Related violations: <none>

TIMING-17#24 Warning
Non-clocked sequential cell  
The clock pin design_1_i/sample_generator_0/U0/sample_generator_v1_0_M_AXIS_inst/counterR_reg[23]/C is not reached by a timing clock
Related violations: <none>

TIMING-17#25 Warning
Non-clocked sequential cell  
The clock pin design_1_i/sample_generator_0/U0/sample_generator_v1_0_M_AXIS_inst/counterR_reg[24]/C is not reached by a timing clock
Related violations: <none>

TIMING-17#26 Warning
Non-clocked sequential cell  
The clock pin design_1_i/sample_generator_0/U0/sample_generator_v1_0_M_AXIS_inst/counterR_reg[25]/C is not reached by a timing clock
Related violations: <none>

TIMING-17#27 Warning
Non-clocked sequential cell  
The clock pin design_1_i/sample_generator_0/U0/sample_generator_v1_0_M_AXIS_inst/counterR_reg[26]/C is not reached by a timing clock
Related violations: <none>

TIMING-17#28 Warning
Non-clocked sequential cell  
The clock pin design_1_i/sample_generator_0/U0/sample_generator_v1_0_M_AXIS_inst/counterR_reg[27]/C is not reached by a timing clock
Related violations: <none>

TIMING-17#29 Warning
Non-clocked sequential cell  
The clock pin design_1_i/sample_generator_0/U0/sample_generator_v1_0_M_AXIS_inst/counterR_reg[28]/C is not reached by a timing clock
Related violations: <none>

TIMING-17#30 Warning
Non-clocked sequential cell  
The clock pin design_1_i/sample_generator_0/U0/sample_generator_v1_0_M_AXIS_inst/counterR_reg[29]/C is not reached by a timing clock
Related violations: <none>

TIMING-17#31 Warning
Non-clocked sequential cell  
The clock pin design_1_i/sample_generator_0/U0/sample_generator_v1_0_M_AXIS_inst/counterR_reg[2]/C is not reached by a timing clock
Related violations: <none>

TIMING-17#32 Warning
Non-clocked sequential cell  
The clock pin design_1_i/sample_generator_0/U0/sample_generator_v1_0_M_AXIS_inst/counterR_reg[30]/C is not reached by a timing clock
Related violations: <none>

TIMING-17#33 Warning
Non-clocked sequential cell  
The clock pin design_1_i/sample_generator_0/U0/sample_generator_v1_0_M_AXIS_inst/counterR_reg[31]/C is not reached by a timing clock
Related violations: <none>

TIMING-17#34 Warning
Non-clocked sequential cell  
The clock pin design_1_i/sample_generator_0/U0/sample_generator_v1_0_M_AXIS_inst/counterR_reg[3]/C is not reached by a timing clock
Related violations: <none>

TIMING-17#35 Warning
Non-clocked sequential cell  
The clock pin design_1_i/sample_generator_0/U0/sample_generator_v1_0_M_AXIS_inst/counterR_reg[4]/C is not reached by a timing clock
Related violations: <none>

TIMING-17#36 Warning
Non-clocked sequential cell  
The clock pin design_1_i/sample_generator_0/U0/sample_generator_v1_0_M_AXIS_inst/counterR_reg[5]/C is not reached by a timing clock
Related violations: <none>

TIMING-17#37 Warning
Non-clocked sequential cell  
The clock pin design_1_i/sample_generator_0/U0/sample_generator_v1_0_M_AXIS_inst/counterR_reg[6]/C is not reached by a timing clock
Related violations: <none>

TIMING-17#38 Warning
Non-clocked sequential cell  
The clock pin design_1_i/sample_generator_0/U0/sample_generator_v1_0_M_AXIS_inst/counterR_reg[7]/C is not reached by a timing clock
Related violations: <none>

TIMING-17#39 Warning
Non-clocked sequential cell  
The clock pin design_1_i/sample_generator_0/U0/sample_generator_v1_0_M_AXIS_inst/counterR_reg[8]/C is not reached by a timing clock
Related violations: <none>

TIMING-17#40 Warning
Non-clocked sequential cell  
The clock pin design_1_i/sample_generator_0/U0/sample_generator_v1_0_M_AXIS_inst/counterR_reg[9]/C is not reached by a timing clock
Related violations: <none>

TIMING-17#41 Warning
Non-clocked sequential cell  
The clock pin design_1_i/sample_generator_0/U0/sample_generator_v1_0_M_AXIS_inst/packetCounter_reg[0]/C is not reached by a timing clock
Related violations: <none>

TIMING-17#42 Warning
Non-clocked sequential cell  
The clock pin design_1_i/sample_generator_0/U0/sample_generator_v1_0_M_AXIS_inst/packetCounter_reg[1]/C is not reached by a timing clock
Related violations: <none>

TIMING-17#43 Warning
Non-clocked sequential cell  
The clock pin design_1_i/sample_generator_0/U0/sample_generator_v1_0_M_AXIS_inst/packetCounter_reg[2]/C is not reached by a timing clock
Related violations: <none>

TIMING-17#44 Warning
Non-clocked sequential cell  
The clock pin design_1_i/sample_generator_0/U0/sample_generator_v1_0_M_AXIS_inst/packetCounter_reg[3]/C is not reached by a timing clock
Related violations: <none>

TIMING-17#45 Warning
Non-clocked sequential cell  
The clock pin design_1_i/sample_generator_0/U0/sample_generator_v1_0_M_AXIS_inst/packetCounter_reg[4]/C is not reached by a timing clock
Related violations: <none>

TIMING-17#46 Warning
Non-clocked sequential cell  
The clock pin design_1_i/sample_generator_0/U0/sample_generator_v1_0_M_AXIS_inst/packetCounter_reg[5]/C is not reached by a timing clock
Related violations: <none>

TIMING-17#47 Warning
Non-clocked sequential cell  
The clock pin design_1_i/sample_generator_0/U0/sample_generator_v1_0_M_AXIS_inst/packetCounter_reg[6]/C is not reached by a timing clock
Related violations: <none>

TIMING-17#48 Warning
Non-clocked sequential cell  
The clock pin design_1_i/sample_generator_0/U0/sample_generator_v1_0_M_AXIS_inst/packetCounter_reg[7]/C is not reached by a timing clock
Related violations: <none>

TIMING-17#49 Warning
Non-clocked sequential cell  
The clock pin design_1_i/sample_generator_0/U0/sample_generator_v1_0_M_AXIS_inst/sampleGeneratorEnR_reg/C is not reached by a timing clock
Related violations: <none>

TIMING-17#50 Warning
Non-clocked sequential cell  
The clock pin design_1_i/sample_generator_0/U0/sample_generator_v1_0_M_AXIS_inst/tValidR_reg/C is not reached by a timing clock
Related violations: <none>


