14:15:40 INFO  : Registering command handlers for SDK TCF services
14:15:41 INFO  : Launching XSCT server: xsct.bat -interactive D:\Github\Zynq7000\ZynqLabs\ZynqLabs.sdk\temp_xsdb_launch_script.tcl
14:15:43 INFO  : XSCT server has started successfully.
14:15:43 INFO  : Successfully done setting XSCT server connection channel  
14:15:43 INFO  : Successfully done setting SDK workspace  
14:15:43 INFO  : Processing command line option -hwspec D:/Github/Zynq7000/ZynqLabs/ZynqLabs.sdk/design_1_wrapper.hdf.
14:24:37 INFO  : Connected to target on host '127.0.0.1' and port '3121'.
14:24:38 INFO  : Jtag cable 'Digilent JTAG-HS3 210299A1F851' is selected.
14:24:38 INFO  : 'jtag frequency' command is executed.
14:24:38 INFO  : Sourcing of 'D:/Github/Zynq7000/ZynqLabs/ZynqLabs.sdk/design_1_wrapper_hw_platform_0/ps7_init.tcl' is done.
14:24:38 INFO  : Context for 'APU' is selected.
14:24:38 INFO  : Hardware design information is loaded from 'D:/Github/Zynq7000/ZynqLabs/ZynqLabs.sdk/design_1_wrapper_hw_platform_0/system.hdf'.
14:24:38 INFO  : 'configparams force-mem-access 1' command is executed.
14:24:38 INFO  : Context for 'APU' is selected.
14:24:38 INFO  : 'stop' command is executed.
14:24:38 INFO  : 'ps7_init' command is executed.
14:24:38 INFO  : 'ps7_post_config' command is executed.
14:24:38 INFO  : Context for processor 'ps7_cortexa9_0' is selected.
14:24:38 INFO  : Processor reset is completed for 'ps7_cortexa9_0'.
14:24:38 INFO  : Context for processor 'ps7_cortexa9_0' is selected.
14:24:39 INFO  : The application 'D:/Github/Zynq7000/ZynqLabs/ZynqLabs.sdk/Lab_01/Debug/Lab_01.elf' is downloaded to processor 'ps7_cortexa9_0'.
14:24:39 INFO  : 'configparams force-mem-access 0' command is executed.
14:24:39 INFO  : ----------------XSDB Script----------------
connect -url tcp:127.0.0.1:3121
source D:/Github/Zynq7000/ZynqLabs/ZynqLabs.sdk/design_1_wrapper_hw_platform_0/ps7_init.tcl
targets -set -nocase -filter {name =~"APU*" && jtag_cable_name =~ "Digilent JTAG-HS3 210299A1F851"} -index 0
loadhw -hw D:/Github/Zynq7000/ZynqLabs/ZynqLabs.sdk/design_1_wrapper_hw_platform_0/system.hdf -mem-ranges [list {0x40000000 0xbfffffff}]
configparams force-mem-access 1
targets -set -nocase -filter {name =~"APU*" && jtag_cable_name =~ "Digilent JTAG-HS3 210299A1F851"} -index 0
stop
ps7_init
ps7_post_config
targets -set -nocase -filter {name =~ "ARM*#0" && jtag_cable_name =~ "Digilent JTAG-HS3 210299A1F851"} -index 0
rst -processor
targets -set -nocase -filter {name =~ "ARM*#0" && jtag_cable_name =~ "Digilent JTAG-HS3 210299A1F851"} -index 0
dow D:/Github/Zynq7000/ZynqLabs/ZynqLabs.sdk/Lab_01/Debug/Lab_01.elf
configparams force-mem-access 0
----------------End of Script----------------

14:24:39 INFO  : Context for processor 'ps7_cortexa9_0' is selected.
14:24:39 INFO  : 'con' command is executed.
14:24:39 INFO  : ----------------XSDB Script (After Launch)----------------
targets -set -nocase -filter {name =~ "ARM*#0" && jtag_cable_name =~ "Digilent JTAG-HS3 210299A1F851"} -index 0
con
----------------End of Script----------------

14:24:39 INFO  : Launch script is exported to file 'D:\Github\Zynq7000\ZynqLabs\ZynqLabs.sdk\.sdk\launch_scripts\xilinx_c-c++_application_(system_debugger)\system_debugger_using_debug_lab_01.elf_on_local.tcl'
