#-----------------------------------------------------------
# Webtalk v2018.3 (64-bit)
# SW Build 2405991 on Thu Dec  6 23:38:27 MST 2018
# 
# Start of session at: Wed Dec 19 18:45:23 2018
# Process ID: 26032
# Current directory: D:/Github/Zynq7000/Lab_01/Lab_01.sdk/webtalk
# Command line: wbtcv.exe -mode batch -source sdk_webtalk.tcl
# Log file: D:/Github/Zynq7000/Lab_01/Lab_01.sdk/webtalk/webtalk.log
# Journal file: D:/Github/Zynq7000/Lab_01/Lab_01.sdk/webtalk\webtalk.jou
#-----------------------------------------------------------
source sdk_webtalk.tcl
# webtalk_init -webtalk_dir D:\\Github\\Zynq7000\\Lab_01\\Lab_01.sdk\\webtalk
# webtalk_register_client -client project
# webtalk_add_data -client project -key date_generated -value "2018-12-19 18:45:20" -context "software_version_and_target_device"
# webtalk_add_data -client project -key product_version -value "SDK v2018.3" -context "software_version_and_target_device"
# webtalk_add_data -client project -key build_version -value "2018.3" -context "software_version_and_target_device"
# webtalk_add_data -client project -key os_platform -value "amd64" -context "software_version_and_target_device"
# webtalk_add_data -client project -key registration_id -value "211651266_0_0_641" -context "software_version_and_target_device"
# webtalk_add_data -client project -key tool_flow -value "SDK" -context "software_version_and_target_device"
# webtalk_add_data -client project -key beta -value "false" -context "software_version_and_target_device"
# webtalk_add_data -client project -key route_design -value "NA" -context "software_version_and_target_device"
# webtalk_add_data -client project -key target_family -value "NA" -context "software_version_and_target_device"
# webtalk_add_data -client project -key target_device -value "NA" -context "software_version_and_target_device"
# webtalk_add_data -client project -key target_package -value "NA" -context "software_version_and_target_device"
# webtalk_add_data -client project -key target_speed -value "NA" -context "software_version_and_target_device"
# webtalk_add_data -client project -key random_id -value "r28a7kn6mf6t66invfcboeif6k" -context "software_version_and_target_device"
# webtalk_add_data -client project -key project_id -value "2018.3_1" -context "software_version_and_target_device"
# webtalk_add_data -client project -key project_iteration -value "1" -context "software_version_and_target_device"
# webtalk_add_data -client project -key os_name -value "Microsoft Windows 8 or later , 64-bit" -context "user_environment"
# webtalk_add_data -client project -key os_release -value "major release  (build 9200)" -context "user_environment"
# webtalk_add_data -client project -key cpu_name -value "Intel(R) Core(TM) i7-7820HQ CPU @ 2.90GHz" -context "user_environment"
# webtalk_add_data -client project -key cpu_speed -value "2904 MHz" -context "user_environment"
# webtalk_add_data -client project -key total_processors -value "1" -context "user_environment"
# webtalk_add_data -client project -key system_ram -value "17.053 GB" -context "user_environment"
# webtalk_register_client -client sdk
# webtalk_add_data -client sdk -key uid -value "1545249419299" -context "sdk\\\\hardware/1545249419299"
# webtalk_add_data -client sdk -key isZynq -value "true" -context "sdk\\\\hardware/1545249419299"
# webtalk_add_data -client sdk -key isZynqMP -value "false" -context "sdk\\\\hardware/1545249419299"
# webtalk_add_data -client sdk -key Processors -value "2" -context "sdk\\\\hardware/1545249419299"
# webtalk_add_data -client sdk -key VivadoVersion -value "2018.3" -context "sdk\\\\hardware/1545249419299"
# webtalk_add_data -client sdk -key Arch -value "zynq" -context "sdk\\\\hardware/1545249419299"
# webtalk_add_data -client sdk -key Device -value "7z010" -context "sdk\\\\hardware/1545249419299"
# webtalk_add_data -client sdk -key IsHandoff -value "true" -context "sdk\\\\hardware/1545249419299"
# webtalk_add_data -client sdk -key os -value "NA" -context "sdk\\\\hardware/1545249419299"
# webtalk_add_data -client sdk -key apptemplate -value "NA" -context "sdk\\\\hardware/1545249419299"
# webtalk_add_data -client sdk -key RecordType -value "HWCreation" -context "sdk\\\\hardware/1545249419299"
# webtalk_add_data -client sdk -key uid -value "1545252866551" -context "sdk\\\\bsp/1545252866551"
# webtalk_add_data -client sdk -key hwid -value "1545249419299" -context "sdk\\\\bsp/1545252866551"
# webtalk_add_data -client sdk -key os -value "standalone" -context "sdk\\\\bsp/1545252866551"
# webtalk_add_data -client sdk -key apptemplate -value "null" -context "sdk\\\\bsp/1545252866551"
# webtalk_add_data -client sdk -key RecordType -value "BSPCreation" -context "sdk\\\\bsp/1545252866551"
# webtalk_add_data -client sdk -key uid -value "1545254396000" -context "sdk\\\\bsp/1545254396000"
# webtalk_add_data -client sdk -key hwid -value "1545249419299" -context "sdk\\\\bsp/1545254396000"
# webtalk_add_data -client sdk -key os -value "standalone" -context "sdk\\\\bsp/1545254396000"
# webtalk_add_data -client sdk -key apptemplate -value "hello_world" -context "sdk\\\\bsp/1545254396000"
# webtalk_add_data -client sdk -key RecordType -value "BSPCreation" -context "sdk\\\\bsp/1545254396000"
# webtalk_add_data -client sdk -key uid -value "1545254398277" -context "sdk\\\\application/1545254398277"
# webtalk_add_data -client sdk -key hwid -value "1545249419299" -context "sdk\\\\application/1545254398277"
# webtalk_add_data -client sdk -key bspid -value "1545254396000" -context "sdk\\\\application/1545254398277"
# webtalk_add_data -client sdk -key newbsp -value "true" -context "sdk\\\\application/1545254398277"
# webtalk_add_data -client sdk -key os -value "standalone" -context "sdk\\\\application/1545254398277"
# webtalk_add_data -client sdk -key apptemplate -value "hello_world" -context "sdk\\\\application/1545254398277"
# webtalk_add_data -client sdk -key RecordType -value "APPCreation" -context "sdk\\\\application/1545254398277"
# webtalk_add_data -client sdk -key LangUsed -value "C" -context "sdk\\\\application/1545254398277"
# webtalk_add_data -client sdk -key Procused -value "ps7_cortexa9" -context "sdk\\\\application/1545254398277"
# webtalk_add_data -client sdk -key projSize -value "187.49609375" -context "sdk\\\\application/1545254398277"
# webtalk_add_data -client sdk -key uid -value "NA" -context "sdk\\\\bsp/1545263120811"
# webtalk_add_data -client sdk -key RecordType -value "ToolUsage" -context "sdk\\\\bsp/1545263120811"
# webtalk_add_data -client sdk -key BootgenCount -value "0" -context "sdk\\\\bsp/1545263120811"
# webtalk_add_data -client sdk -key DebugCount -value "18" -context "sdk\\\\bsp/1545263120811"
# webtalk_add_data -client sdk -key PerfCount -value "0" -context "sdk\\\\bsp/1545263120811"
# webtalk_add_data -client sdk -key FlashCount -value "0" -context "sdk\\\\bsp/1545263120811"
# webtalk_add_data -client sdk -key CrossTriggCount -value "0" -context "sdk\\\\bsp/1545263120811"
# webtalk_add_data -client sdk -key QemuDebugCount -value "0" -context "sdk\\\\bsp/1545263120811"
# webtalk_transmit -clientid 1052115874 -regid "211651266_0_0_641" -xml D:\\Github\\Zynq7000\\Lab_01\\Lab_01.sdk\\webtalk\\usage_statistics_ext_sdk.xml -html D:\\Github\\Zynq7000\\Lab_01\\Lab_01.sdk\\webtalk\\usage_statistics_ext_sdk.html -wdm D:\\Github\\Zynq7000\\Lab_01\\Lab_01.sdk\\webtalk\\sdk_webtalk.wdm -intro "<H3>SDK Usage Report</H3><BR>"
INFO: [Common 17-186] 'D:\Github\Zynq7000\Lab_01\Lab_01.sdk\webtalk\usage_statistics_ext_sdk.xml' has been successfully sent to Xilinx on Wed Dec 19 18:45:27 2018. For additional details about this file, please refer to the WebTalk help file at C:/xilinx/SDK/2018.3/doc/webtalk_introduction.html.
# webtalk_terminate
INFO: [Common 17-206] Exiting Webtalk at Wed Dec 19 18:45:27 2018...
